<?xml version="1.0" encoding="UTF-8"?>
<!-- Generated by org.testng.reporters.JUnitReportReporter -->
<testsuite hostname="DESKTOP-NDG0I62" failures="0" tests="5" name="secondUtils.secondExcelDataDemo" time="3.794" errors="0" timestamp="2022-01-14T16:33:57 EET" skipped="0">
  <testcase classname="secondUtils.secondExcelDataDemo" name="providingData" time="0.378"/>
  <system-out/>
  <testcase classname="secondUtils.secondExcelDataDemo" name="providingData" time="0.383"/>
  <system-out/>
  <testcase classname="secondUtils.secondExcelDataDemo" name="providingData" time="2.319"/>
  <system-out/>
  <testcase classname="secondUtils.secondExcelDataDemo" name="providingData" time="0.355"/>
  <system-out/>
  <testcase classname="secondUtils.secondExcelDataDemo" name="providingData" time="0.359"/>
  <system-out/>
</testsuite> <!-- secondUtils.secondExcelDataDemo -->
