<?xml version="1.0" encoding="UTF-8"?>
<!-- Generated by org.testng.reporters.JUnitReportReporter -->
<testsuite hostname="DESKTOP-NDG0I62" failures="0" tests="3" name="Utils.ExcelData" time="4.873" errors="0" timestamp="2022-01-14T11:47:56 EET" skipped="0">
  <testcase classname="Utils.ExcelData" name="test" time="0.536"/>
  <system-out/>
  <testcase classname="Utils.ExcelData" name="test" time="0.520"/>
  <system-out/>
  <testcase classname="Utils.ExcelData" name="test" time="3.817"/>
  <system-out/>
</testsuite> <!-- Utils.ExcelData -->
