<?xml version="1.0" encoding="UTF-8"?>
<!-- Generated by org.testng.reporters.JUnitReportReporter -->
<testsuite hostname="DESKTOP-NDG0I62" failures="0" tests="1" name="Test.ExtentReportsDemoWithTestNG" time="1.266" errors="0" timestamp="2022-01-11T10:22:39 EET" skipped="0">
  <testcase classname="Test.ExtentReportsDemoWithTestNG" name="Test" time="1.266"/>
  <system-out/>
</testsuite> <!-- Test.ExtentReportsDemoWithTestNG -->
