<?xml version="1.0" encoding="UTF-8"?>
<!-- Generated by org.testng.reporters.JUnitReportReporter -->
<testsuite hostname="DESKTOP-NDG0I62" failures="0" tests="3" name="Demo.SetPriority" time="0.008" errors="0" timestamp="2022-01-14T16:57:02 EET" skipped="0">
  <testcase classname="Demo.SetPriority" name="one" time="0.007"/>
  <system-out/>
  <testcase classname="Demo.SetPriority" name="three" time="0.001"/>
  <system-out/>
  <testcase classname="Demo.SetPriority" name="two" time="0.000"/>
  <system-out/>
</testsuite> <!-- Demo.SetPriority -->
