<?xml version="1.0" encoding="UTF-8"?>
<!-- Generated by org.testng.reporters.JUnitReportReporter -->
<testsuite hostname="DESKTOP-NDG0I62" failures="0" tests="4" name="Demo.GroupTests" time="0.008" errors="0" timestamp="2022-01-14T18:52:26 EET" skipped="0">
  <testcase classname="Demo.GroupTests" name="test3" time="0.001"/>
  <system-out/>
  <testcase classname="Demo.GroupTests" name="test4" time="0.001"/>
  <system-out/>
  <testcase classname="Demo.GroupTests" name="test1" time="0.005"/>
  <system-out/>
  <testcase classname="Demo.GroupTests" name="test2" time="0.001"/>
  <system-out/>
</testsuite> <!-- Demo.GroupTests -->
