<?xml version="1.0" encoding="UTF-8"?>
<!-- Generated by org.testng.reporters.JUnitReportReporter -->
<testsuite hostname="DESKTOP-NDG0I62" failures="0" tests="1" name="Demo.UntitledTestCase" time="6.727" errors="0" timestamp="2022-01-15T12:04:47 EET" skipped="0">
  <testcase classname="Demo.UntitledTestCase" name="testUntitledTestCase" time="6.727"/>
  <system-out/>
</testsuite> <!-- Demo.UntitledTestCase -->
