<?xml version="1.0" encoding="UTF-8"?>
<!-- Generated by org.testng.reporters.JUnitReportReporter -->
<testsuite hostname="DESKTOP-NDG0I62" failures="0" tests="2" name="Browsers.TestsOnMultipleBrowsers" time="13.036" errors="0" timestamp="2022-01-14T18:11:01 EET" skipped="0">
  <testcase classname="Browsers.TestsOnMultipleBrowsers" name="test" time="6.093"/>
  <system-out/>
  <testcase classname="Browsers.TestsOnMultipleBrowsers" name="test" time="6.943"/>
  <system-out/>
</testsuite> <!-- Browsers.TestsOnMultipleBrowsers -->
