<?xml version="1.0" encoding="UTF-8"?>
<!-- Generated by org.testng.reporters.JUnitReportReporter -->
<testsuite hostname="DESKTOP-NDG0I62" failures="0" tests="1" name="Test.testng_demo" time="2.712" errors="0" timestamp="2022-01-11T14:52:19 EET" skipped="0">
  <testcase classname="Test.testng_demo" name="SearchBar" time="2.712"/>
  <system-out/>
</testsuite> <!-- Test.testng_demo -->
