<?xml version="1.0" encoding="UTF-8"?>
<!-- Generated by org.testng.reporters.JUnitReportReporter -->
<testsuite hostname="DESKTOP-NDG0I62" failures="0" tests="3" name="Demo.TestNGDependencies" time="0.013" errors="0" timestamp="2022-01-15T10:48:42 EET" skipped="0">
  <testcase classname="Demo.TestNGDependencies" name="test1" time="0.001"/>
  <system-out/>
  <testcase classname="Demo.TestNGDependencies" name="test2" time="0.010"/>
  <system-out/>
  <testcase classname="Demo.TestNGDependencies" name="test3" time="0.002"/>
  <system-out/>
</testsuite> <!-- Demo.TestNGDependencies -->
