<?xml version="1.0" encoding="UTF-8"?>
<!-- Generated by org.testng.reporters.JUnitReportReporter -->
<testsuite hostname="DESKTOP-NDG0I62" failures="0" tests="1" name="Demo.TestNGParameters" time="0.005" errors="0" timestamp="2022-01-15T10:31:14 EET" skipped="0">
  <testcase classname="Demo.TestNGParameters" name="passingParam" time="0.005"/>
  <system-out/>
</testsuite> <!-- Demo.TestNGParameters -->
