<?xml version="1.0" encoding="UTF-8"?>
<!-- Generated by org.testng.reporters.JUnitReportReporter -->
<testsuite hostname="DESKTOP-NDG0I62" failures="0" tests="2" name="Test.testng_demo2" time="5.550" errors="0" timestamp="2022-01-11T14:44:51 EET" skipped="0">
  <testcase classname="Test.testng_demo2" name="SearchBar" time="3.618"/>
  <system-out/>
  <testcase classname="Test.testng_demo2" name="SearchBar2" time="1.932"/>
  <system-out/>
</testsuite> <!-- Test.testng_demo2 -->
